This file contains any messages produced by compilers while
running configure, to aid debugging if configure makes a mistake.

configure:561: checking for a BSD compatible install
configure:614: checking whether build environment is sane
configure:671: checking whether make sets ${MAKE}
configure:717: checking for working aclocal-1.4
configure:730: checking for working autoconf
configure:743: checking for working automake-1.4
configure:756: checking for working autoheader
configure:769: checking for working makeinfo
configure:792: checking host system type
configure:814: checking for Cygwin environment
configure:830: gcc -c -D__EMX__ -Dunix  -D__ST_MT_ERRNO__ -O3 -march=pentium3  conftest.c 1>&5
configure: In function `main':
configure:826: error: `__CYGWIN32__' undeclared (first use in this function)
configure:826: error: (Each undeclared identifier is reported only once
configure:826: error: for each function it appears in.)
configure: failed program was:
#line 819 "configure"
#include "confdefs.h"

int main() {

#ifndef __CYGWIN__
#define __CYGWIN__ __CYGWIN32__
#endif
return __CYGWIN__;
; return 0; }
configure:847: checking for mingw32 environment
configure:859: gcc -c -D__EMX__ -Dunix  -D__ST_MT_ERRNO__ -O3 -march=pentium3  conftest.c 1>&5
configure: In function `main':
configure:855: error: `__MINGW32__' undeclared (first use in this function)
configure:855: error: (Each undeclared identifier is reported only once
configure:855: error: for each function it appears in.)
configure: failed program was:
#line 852 "configure"
#include "confdefs.h"

int main() {
return __MINGW32__;
; return 0; }
configure:878: checking for executable suffix
configure:912: checking for gcc
configure:1025: checking whether the C compiler (gcc -D__EMX__ -Dunix  -D__ST_MT_ERRNO__ -O3 -march=pentium3 -Zexe -Zomf -Zmap -Zargs-wild -Zbin-files -D__ST_MT_ERRNO__ -s) works
configure:1041: gcc -o conftest.exe -D__EMX__ -Dunix  -D__ST_MT_ERRNO__ -O3 -march=pentium3  -Zexe -Zomf -Zmap -Zargs-wild -Zbin-files -D__ST_MT_ERRNO__ -s conftest.c  1>&5
configure:1067: checking whether the C compiler (gcc -D__EMX__ -Dunix  -D__ST_MT_ERRNO__ -O3 -march=pentium3 -Zexe -Zomf -Zmap -Zargs-wild -Zbin-files -D__ST_MT_ERRNO__ -s) is a cross-compiler
configure:1072: checking whether we are using GNU C
configure:1081: gcc -E conftest.c
configure:1100: checking whether gcc accepts -g
configure:1143: checking for a BSD compatible install
configure:1196: checking whether ln -s works
configure:1219: checking how to run the C preprocessor
configure:1240: gcc -E  conftest.c >/dev/null 2>conftest.out
configure:1299: checking for ANSI C header files
configure:1312: gcc -E  conftest.c >/dev/null 2>conftest.out
configure:1379: gcc -o conftest.exe -D__EMX__ -Dunix  -D__ST_MT_ERRNO__ -O3 -march=pentium3  -Zexe -Zomf -Zmap -Zargs-wild -Zbin-files -D__ST_MT_ERRNO__ -s conftest.c  1>&5
configure:1406: checking for stat.h
configure:1416: gcc -E  conftest.c >/dev/null 2>conftest.out
configure:1412:18: stat.h: No such file or directory
configure: failed program was:
#line 1411 "configure"
#include "confdefs.h"
#include <stat.h>
configure:1406: checking for sys/stat.h
configure:1416: gcc -E  conftest.c >/dev/null 2>conftest.out
configure:1447: checking for libdsk.h
configure:1457: gcc -E  conftest.c >/dev/null 2>conftest.out
configure:1453:20: libdsk.h: No such file or directory
configure: failed program was:
#line 1452 "configure"
#include "confdefs.h"
#include <libdsk.h>
configure:1485: checking for zlibVersion in -lz
configure:1504: gcc -o conftest.exe -D__EMX__ -Dunix  -D__ST_MT_ERRNO__ -O3 -march=pentium3  -Zexe -Zomf -Zmap -Zargs-wild -Zbin-files -D__ST_MT_ERRNO__ -s conftest.c -lz   1>&5
configure:1532: checking for working const
configure:1586: gcc -c -D__EMX__ -Dunix  -D__ST_MT_ERRNO__ -O3 -march=pentium3  conftest.c 1>&5
configure:1608: checking for 8-bit clean memcmp
configure:1626: gcc -o conftest.exe -D__EMX__ -Dunix  -D__ST_MT_ERRNO__ -O3 -march=pentium3  -Zexe -Zomf -Zmap -Zargs-wild -Zbin-files -D__ST_MT_ERRNO__ -s conftest.c -lz  1>&5
configure:1646: checking for stricmp
configure:1674: gcc -o conftest.exe -D__EMX__ -Dunix  -D__ST_MT_ERRNO__ -O3 -march=pentium3  -Zexe -Zomf -Zmap -Zargs-wild -Zbin-files -D__ST_MT_ERRNO__ -s conftest.c -lz  1>&5
